C51 COMPILER V9.60.7.0   MAIN                                                              03/16/2023 18:30:19 PAGE 1   


C51 COMPILER V9.60.7.0, COMPILATION OF MODULE MAIN
OBJECT MODULE PLACED IN .\Objects\Main.obj
COMPILER INVOKED BY: C:\Keil_v5\C51\BIN\C51.EXE Main.c OPTIMIZE(8,SPEED) BROWSE DEBUG OBJECTEXTEND PRINT(.\Listings\Main
                    -.lst) TABS(2) OBJECT(.\Objects\Main.obj)

line level    source

   1          #include<REG51.h>
   2          void Delay();
   3          
   4          void main(void) {
   5   1        while(1){
   6   2          
   7   2          P2 = 0xF4;
   8   2          Delay();
   9   2          P2 = 0xFE;
  10   2          Delay();
  11   2          P2 = 0xFD;
  12   2          Delay();
  13   2          P2 = 0xFB;
  14   2          Delay();
  15   2          P2 = 0xF7;
  16   2          Delay();
  17   2          P2 = 0xEF;
  18   2          Delay();
  19   2          P2 = 0xDF;
  20   2          Delay();
  21   2          P2 = 0xBF;
  22   2          Delay();
  23   2          P2 = 0x7F;
  24   2          Delay();
  25   2        
  26   2        }
  27   1      }
  28          
  29          void Delay(){
  30   1        unsigned int x, y;
  31   1        for(x = 0 ; x < 1000 ; x++)
  32   1        for(y = 0 ; y < 165 ; y++);
  33   1      }


MODULE INFORMATION:   STATIC OVERLAYABLE
   CODE SIZE        =     85    ----
   CONSTANT SIZE    =   ----    ----
   XDATA SIZE       =   ----    ----
   PDATA SIZE       =   ----    ----
   DATA SIZE        =   ----    ----
   IDATA SIZE       =   ----    ----
   BIT SIZE         =   ----    ----
END OF MODULE INFORMATION.


C51 COMPILATION COMPLETE.  0 WARNING(S),  0 ERROR(S)
