C51 COMPILER V9.60.7.0   MAIN                                                              03/18/2023 14:15:18 PAGE 1   


C51 COMPILER V9.60.7.0, COMPILATION OF MODULE MAIN
OBJECT MODULE PLACED IN .\Objects\Main.obj
COMPILER INVOKED BY: C:\Keil_v5\C51\BIN\C51.EXE Main.c OPTIMIZE(8,SPEED) BROWSE DEBUG OBJECTEXTEND PRINT(.\Listings\Main
                    -.lst) TABS(2) OBJECT(.\Objects\Main.obj)

line level    source

   1          #include<REG51.h>
   2          /*
   3          Interrupts are done by configuring the Interrupt Enable (IE) register
   4          Bit EA = 1;
   5          Bits ET0, ET1, ET2 bits are used to enable the Timer Interrupts 0, 1, 2, respictively
   6          
   7          */
   8          /*
   9          Timer Interrupt : 
  10          To enable the timer 0 interrupt, we take the following steps:
  11            1. Bit D7 of the IE register (EA) must be set to high enable the Global Interrupt
  12            2. Bit D1 of the IE register (ET0) must be set to high to enable the Timer Interrupt
  13            3. Set The Timer mode
  14            4. Load the initial timer value
  15          */
  16          
  17          void Delay(void);
  18          unsigned char Count;
  19          unsigned char Pattern[10] = {0xF9 , 0xA4 , 0xB0 , 0x99 , 0x92 , 0x82 , 0xF8 , 0x80 , 0x90 , 0xC0}; // Numb
             -ering data in Array
  20          // Pattern [10] = {11111001 , 11000100 , 11010000 , 10011001}
  21          
  22          /* Interrupt Routine */
  23          void timer0(void) interrupt 1 // interrupt 1 = timer 0 interrupt
  24          { 
  25   1        for(Count = 0 ; Count < 10 ; Count++) // For loop for counting
  26   1        {
  27   2          P2 = Pattern[Count]; // Send data to Port No.2
  28   2          Delay();
  29   2        }
  30   1      }
  31          
  32          void main(void)
  33            
  34          {
  35   1        TMOD = 0x02; // Configuring TMOD register to select Timer 0 Mode 2
  36   1        TH0 = 0x01; // Timer TH0 = -92
  37   1        IE = 0x82; // load 0x82 value in IE register to enable interrupt for timer 0
  38   1        TR0 = 1;  // start timer
  39   1        while(1); // stay here
  40   1      }
  41          
  42          void Delay(){
  43   1        unsigned int x, y;
  44   1        for(x = 0 ; x < 700 ; x++)
  45   1        for(y = 0 ; y < 160 ; y++);
  46   1      }


MODULE INFORMATION:   STATIC OVERLAYABLE
   CODE SIZE        =    121    ----
   CONSTANT SIZE    =   ----    ----
   XDATA SIZE       =   ----    ----
   PDATA SIZE       =   ----    ----
C51 COMPILER V9.60.7.0   MAIN                                                              03/18/2023 14:15:18 PAGE 2   

   DATA SIZE        =     11    ----
   IDATA SIZE       =   ----    ----
   BIT SIZE         =   ----    ----
END OF MODULE INFORMATION.


C51 COMPILATION COMPLETE.  0 WARNING(S),  0 ERROR(S)
