C51 COMPILER V9.60.7.0   SE7                                                               03/29/2023 13:04:48 PAGE 1   


C51 COMPILER V9.60.7.0, COMPILATION OF MODULE SE7
OBJECT MODULE PLACED IN .\Objects\SE7.obj
COMPILER INVOKED BY: C:\Keil_v5\C51\BIN\C51.EXE SE7.c OPTIMIZE(8,SPEED) BROWSE DEBUG OBJECTEXTEND PRINT(.\Listings\SE7.l
                    -st) TABS(2) OBJECT(.\Objects\SE7.obj)

line level    source

   1          #include<reg51.h>
   2          
   3          sfr LCD = 0x0A; // P2 = LCD Data pins
*** ERROR C142 IN LINE 3 OF SE7.c: 'SFR': invalid base address
   4          sbit RS = P0^5; // Register Select(RS) pin of 16*2 LCD
   5          sbit RW = P0^6; // Read/Write (RW) pin of 16*2 LCd
   6          sbit EN = P0^7; // Enable (E) pin of 16*2 LCD
   7          
   8          sbit SDA = P3^1;  // SDA pin of EEPROM
   9          sbit SCL = P3^0;  // SCL pin of EEPROM
  10          /*
  11            SCL : The SCL input is used to positive edge clock data into each
  12            EEPROM device and negative edge clock data out of each device.
  13            SDA : The SDA pin is bidirectional for serial data transfer. This pin is
  14            open-drain driven and may be wire-ORed with any number of other open-drain or 
  15            opencollector devices.
  16          
  17          */
  18          
  19          void LCD_CMD(unsigned char x);
  20          void LCD_DATA(char w);
  21          void LCD_INIT(void);
  22          void Send_Data(unsigned char *Str);
  23          void msDelay(unsigned char Time);
  24          void EEPROM_Start();
  25          void EEPROM_Stop();
  26          void EEPROM_Ack();
  27          void EEPROM_Send(unsigned char Data);
  28          unsigned char EEPROM_Read();
  29          void EEPROM_WriteByte(unsigned char Data , unsigned char Address , unsigned char Page);
  30          unsigned char EEPROM_ReadByte(unsigned char Address , unsigned char Page);
  31          unsigned int i;
  32          
  33          void main(void)
  34          {
  35   1        char Data[] = "Welcome to EEPROM Programming Simulation"; // Data for writing in EEPROM
  36   1        msDelay(10);
  37   1        LCD_INIT();
  38   1        
  39   1        for (i = 0 ; i < 15 ; i++)
  40   1        {
  41   2          EEPROM_WriteByte(Data[i] , i , 0);
  42   2        }
  43   1        
  44   1        for (i = 0 ; i < 15 ; i++)
  45   1        {
  46   2          LCD_DATA(EEPROM_ReadByte(i , 0));
  47   2        }
  48   1        
  49   1        while(1);
  50   1        
  51   1      }
  52          
  53          void LCD_DATA(unsigned char w)
C51 COMPILER V9.60.7.0   SE7                                                               03/29/2023 13:04:48 PAGE 2   

  54          {
  55   1        LCD = w;
*** ERROR C202 IN LINE 55 OF SE7.c: 'LCD': undefined identifier
  56   1        RS = 1; // data mode
  57   1        RW = 0; // read
  58   1        EN = 1;
  59   1        msDelay(1);
  60   1        EN = 0;
  61   1        return;
  62   1          
  63   1      }
  64          
  65          void LCD_CMD(unsigned char x)
  66          {
  67   1        LCD = x;
*** ERROR C202 IN LINE 67 OF SE7.c: 'LCD': undefined identifier
  68   1        RS = 0; // command mode
  69   1        RW = 0; // read
  70   1        EN = 1;
  71   1        msDelay(1);
  72   1        EN = 0;
  73   1        return;
  74   1      }
  75          
  76          void LCD_INIT(void)
  77          {
  78   1        msDelay(100);
  79   1        LCD_CMD(0x38);  //  2 lines and 5×7 matrix
  80   1        LCD_CMD(0x0E);  // Display ON, cursor blinking
  81   1        LCD_CMD(0x01);  // Clear display screen
  82   1      }
  83          
  84          void msDelay(unsigned int time)
  85          {
  86   1        unsigned int y, z;
  87   1        for(y = 0 ; y < time ; y++)
  88   1        for(z = 0 ; z < 500 ; z++); // For Loops for Delay
  89   1      }
  90          
  91          void Delay(unsigned char Time)
  92          {
  93   1        unsigned char y;
  94   1        for(y = 0 ; y < Time ; y++);  // For Loop for delay
  95   1      }
  96          
  97          void EEPROM_Start()
  98          {
  99   1        SCL = 0;  //  Clock Input = disable
 100   1        SDA = 1;  // Data I/O = enable
 101   1        Delay(30);  // Delay
 102   1        SCL = 1;  // Clock Input 
 103   1        Delay(30);  // Delay
 104   1        SDA = 0;
 105   1        Delay(30);  //Delay
 106   1        SCL = 0;
 107   1      }
 108          
 109          void EEPROM_Stop()
 110          {
 111   1        SCL = 0;  // Clock Input = 0
 112   1        Delay(30);
 113   1        SDA = 0;  // Data I/O = 0
C51 COMPILER V9.60.7.0   SE7                                                               03/29/2023 13:04:48 PAGE 3   

 114   1        Delay(30);
 115   1        SCL = 1;  // Clock Input = 1
 116   1        Delay(30);
 117   1        SDA = 1;  // Data Input = 1
 118   1      }
 119          
 120          void EEPROM_Ack()
 121          {
 122   1        
 123   1      }

C51 COMPILATION COMPLETE.  0 WARNING(S),  3 ERROR(S)
