C51 COMPILER V9.60.7.0   MAIN                                                              03/18/2023 15:39:54 PAGE 1   


C51 COMPILER V9.60.7.0, COMPILATION OF MODULE MAIN
OBJECT MODULE PLACED IN .\Objects\Main.obj
COMPILER INVOKED BY: C:\Keil_v5\C51\BIN\C51.EXE Main.c OPTIMIZE(8,SPEED) BROWSE DEBUG OBJECTEXTEND PRINT(.\Listings\Main
                    -.lst) TABS(2) OBJECT(.\Objects\Main.obj)

line level    source

   1          #include<REG51.h>
   2          
   3          void Delay(void);
   4          unsigned char Count;
   5          unsigned char Pattern[10] = {0xF9 , 0xA4 , 0xB0 , 0x99 , 0x92 , 0x82 , 0xF8 , 0x80 , 0x90 , 0xC0};
   6          
   7          void timer0(void) interrupt 1
   8          {
   9   1        P2 = Pattern[Count];  // send data to port No.2
  10   1      }
  11          
  12          void UpCounter(void) interrupt 0  // Timer Interrupt
  13          {
  14   1        Count++;
  15   1        if(Count == 10) Count = 0;
  16   1        Delay();
  17   1        P2 = Pattern[Count];
  18   1        while(INT0 == 0); // stay here while switch is pressed
  19   1      }
  20          
  21          void DownCounter(void) interrupt 2  // External Interrupt
  22          {
  23   1        if(Count == 0) Count = 10;
  24   1        Count--;
  25   1        Delay();
  26   1        P2 = Pattern[Count];
  27   1        while(INT1 == 0); // stay here while switch is pressed
  28   1      }
  29          
  30          void main(void)
  31          {
  32   1        TMOD = 0x02;
  33   1        TH0 = 0x01;
  34   1        IE = 0x87;
  35   1        TR0 = 1;
  36   1        Count = 9;  // Initial value
  37   1        P2 = Pattern[Count];
  38   1        
  39   1        while(1); // stay here
  40   1        
  41   1      }
  42          
  43          void Delay(void)
  44          {
  45   1        unsigned int x;
  46   1        for(x = 0 ; x < 5 ; x++);
  47   1      }


MODULE INFORMATION:   STATIC OVERLAYABLE
   CODE SIZE        =    222    ----
   CONSTANT SIZE    =   ----    ----
   XDATA SIZE       =   ----    ----
   PDATA SIZE       =   ----    ----
C51 COMPILER V9.60.7.0   MAIN                                                              03/18/2023 15:39:54 PAGE 2   

   DATA SIZE        =     11    ----
   IDATA SIZE       =   ----    ----
   BIT SIZE         =   ----    ----
END OF MODULE INFORMATION.


C51 COMPILATION COMPLETE.  0 WARNING(S),  0 ERROR(S)
